<?xml version="1.0" encoding="UTF-8"?>
<!-- Generated by org.testng.reporters.JUnitReportReporter -->
<testsuite hostname="DIN35002939" name="com.capgemini.script.NewTest" tests="1" failures="0" timestamp="1 Sep 2015 05:20:43 GMT" time="16.651" errors="0">
  <testcase name="SearchBook" time="16.651" classname="com.capgemini.script.NewTest"/>
</testsuite> <!-- com.capgemini.script.NewTest -->
